

# 4. Run
run					5000
Last active /omp style is bond_style harmonic/omp
Neighbor list info ...
  update every 5 steps, delay 0 steps, check no
  max neighbors/atom: 2000, page size: 100000
  master list distance cutoff = 1.5
  ghost atom cutoff = 1.5
  binsize = 0.75, bins = 14 14 14
  1 neighbor lists, perpetual/occasional/extra = 1 0 0
  (1) pair dpd/omp, perpetual
      attributes: half, newton on, omp
      pair build: half/bin/newton/omp
      stencil: half/bin/3d/newton
      bin: standard
WARNING: Communication cutoff 1.5 is shorter than a bond length based estimate of 1.79. This may lead to errors. (../comm.cpp:685)
Per MPI rank memory allocation (min/avg/max) = 6.13 | 6.13 | 6.13 Mbytes
Step Temp E_pair E_mol TotEng Press 
       0            1    71.759186    13.688417    86.947104    130.03684 
     100    4.0597812     5.198021    3.9452457    15.230909    22.194663 
     200    1.3584771    2.6417733   0.70614116    5.3849509    19.812368 
     300    1.1726968    2.0226639    0.6034604    4.3845832    18.663281 
     400    1.0707966    1.8849467   0.59139815    4.0820044     17.90804 
     500    1.0546188    1.8231776   0.58061131    3.9851897    17.659167 
     600    1.0481693    1.8152915   0.60190847    3.9889298    17.568833 
     700    1.0816534    1.7620173   0.58329823    3.9672548    17.681637 
     800    1.0677502    1.8097563   0.56661874    3.9774665    17.640193 
     900    1.0556392    1.7970269   0.57474511     3.954703    17.443986 
    1000    1.0682496    1.7881195   0.56789001    3.9578498    17.535849 
    1100     1.074728    1.8587947    0.5519455    4.0222948    17.773316 
    1200    1.0926602    1.8141829    0.6032014    4.0558282     17.73413 
    1300    1.0644253    1.8212496   0.56531013    3.9826654    17.671876 
    1400    1.0636413    1.7957918   0.57821327    3.9689352    17.701267 
    1500    1.0706873    1.8365151   0.60835777    4.0503685    17.860858 
    1600    1.0487373    1.8307409   0.58006666    3.9833891    17.584062 
    1700     1.076605    1.8025675   0.56554357    3.9824802    17.784179 
    1800    1.0521745    1.8178543   0.58492614    3.9805162    17.364548 
    1900    1.0826098    1.8342343   0.59179543    4.0494031    17.817452 
    2000    1.0625442     1.866804   0.58064864    4.0407376    17.804388 
    2100    1.0807993    1.8211302   0.57036696    4.0121558    17.685949 
    2200    1.0730829    1.8545251   0.57613501    4.0397479    18.130444 
    2300    1.0682287    1.8416348   0.58920926     4.032653    17.752916 
    2400    1.0826189    1.8409867   0.60372464    4.0680983    17.715643 
    2500    1.0636351    1.8359677   0.58772177    4.0186103    17.682852 
    2600    1.0562446      1.82862   0.60452945    4.0169883    17.798074 
    2700    1.0583117    1.8019475   0.58285742    3.9717434    17.713664 
    2800    1.0569865     1.835952   0.56431231    3.9852155    17.752896 
    2900    1.0840664     1.784798   0.56791824    3.9782738    17.805561 
    3000    1.0512893    1.7948943   0.56026773    3.9315704    17.523809 
    3100    1.0610369     1.763005   0.58076751    3.9347973    17.663846 
    3200    1.0595267    1.8493034   0.55665202    3.9947157    17.730477 
    3300    1.0655181    1.7828657   0.60102514    3.9816352    17.763282 
    3400    1.0229539    1.8229743   0.57638135    3.9332751    17.608115 
    3500    1.0599991    1.8184169   0.58270101    3.9905866    17.906428 
    3600    1.0498404    1.8578535   0.56656336    3.9986526    18.131321 
    3700    1.0652074    1.8073523   0.59761124    4.0022421    17.515936 
    3800    1.0462755    1.8057077   0.56543225    3.9400301    17.244335 
    3900    1.0514244    1.7867555   0.56757172    3.9309381    17.466268 
    4000    1.0428172    1.7625671   0.55517974    3.8814512    17.523227 
    4100    1.0158494    1.8253077   0.56090961    3.9094834    17.404368 
    4200    1.0438665     1.802083   0.59181679    3.9591776    17.447038 
    4300    1.0459076    1.8148425   0.57945657    3.9626375    17.584132 
    4400    1.0717571    1.7632947   0.57539324    3.9457878    17.513115 
    4500    1.0867393    1.7898417   0.57431785    3.9937251    17.586458 
    4600    1.0610665    1.7711633   0.57011674    3.9323493    17.731072 
    4700    1.0613593    1.7935697    0.5876287    3.9727067    17.728498 
    4800    1.0700024    1.8174801   0.60581958    4.0277682    17.809625 
    4900    1.0744096    1.7851605   0.55023639    3.9464741    17.632994 
    5000    1.0925274    1.8491409   0.56020525     4.047591    17.888439 
Loop time of 8.56013 on 1 procs for 5000 steps with 3000 atoms

Performance: 2018661.850 tau/day, 584.104 timesteps/s
99.7% CPU use with 1 MPI tasks x no OpenMP threads

MPI task timing breakdown:
Section |  min time  |  avg time  |  max time  |%varavg| %total
---------------------------------------------------------------
Pair    | 4.1068     | 4.1068     | 4.1068     |   0.0 | 47.98
Bond    | 0.14278    | 0.14278    | 0.14278    |   0.0 |  1.67
Neigh   | 3.7369     | 3.7369     | 3.7369     |   0.0 | 43.65
Comm    | 0.33688    | 0.33688    | 0.33688    |   0.0 |  3.94
Output  | 0.099901   | 0.099901   | 0.099901   |   0.0 |  1.17
Modify  | 0.12307    | 0.12307    | 0.12307    |   0.0 |  1.44
Other   |            | 0.01376    |            |       |  0.16

Nlocal:    3000 ave 3000 max 3000 min
Histogram: 1 0 0 0 0 0 0 0 0 0
Nghost:    3572 ave 3572 max 3572 min
Histogram: 1 0 0 0 0 0 0 0 0 0
Neighs:    55120 ave 55120 max 55120 min
Histogram: 1 0 0 0 0 0 0 0 0 0

Total # of neighbors = 55120
Ave neighs/atom = 18.3733
Ave special neighs/atom = 4.8
Neighbor list builds = 1000
Dangerous builds not checked
write_restart		groot.rst
Last active /omp style is bond_style harmonic/omp
WARNING: Communication cutoff 1.5 is shorter than a bond length based estimate of 1.79. This may lead to errors. (../comm.cpp:685)

Total wall time: 0:00:08
